This is e-pTeX, Version 3.14159265-p3.8.2-190908-2.6 (utf8.euc) (TeX Live 2019/Debian) (preloaded format=platex 2023.8.28)  12 JAN 2024 17:23
entering extended mode
 restricted \write18 enabled.
 file:line:error style messages enabled.
 %&-line parsing enabled.
**/home/sofue/apps/syuuron_tex/main_new.tex
(/home/sofue/apps/syuuron_tex/main_new.tex
pLaTeX2e <2020-02-02>+2 (based on LaTeX2e <2020-02-02> patch level 2)
L3 programming layer <2020-02-14> (/usr/share/texlive/texmf-dist/tex/platex/base/jreport.cls
Document Class: jreport 2020/01/03 v1.8e Standard pLaTeX class
\c@@paper=\count166
(/usr/share/texlive/texmf-dist/tex/platex/base/jsize12.clo
File: jsize12.clo 2020/01/03 v1.8e Standard pLaTeX file (size option)
)
\c@part=\count167
\c@chapter=\count168
\c@section=\count169
\c@subsection=\count170
\c@subsubsection=\count171
\c@paragraph=\count172
\c@subparagraph=\count173
\c@figure=\count174
\c@table=\count175
\abovecaptionskip=\skip47
\belowcaptionskip=\skip48
\symmincho=\mathgroup4
LaTeX Font Info:    Overwriting symbol font `mincho' in version `bold'
(Font)                  JY1/mc/m/n --> JY1/gt/m/n on input line 704.
\toclineskip=\dimen150
\@lnumwidth=\dimen151
\bibindent=\dimen152
\heisei=\count176
) (/usr/share/texlive/texmf-dist/tex/latex/listings/listings.sty (/usr/share/texlive/texmf-dist/tex/latex/graphics/keyval.sty
Package: keyval 2014/10/28 v1.15 key=value parser (DPC)
\KV@toks@=\toks15
)
\lst@mode=\count177
\lst@gtempboxa=\box61
\lst@token=\toks16
\lst@length=\count178
\lst@currlwidth=\dimen153
\lst@column=\count179
\lst@pos=\count180
\lst@lostspace=\dimen154
\lst@width=\dimen155
\lst@newlines=\count181
\lst@lineno=\count182
\lst@maxwidth=\dimen156
(/usr/share/texlive/texmf-dist/tex/latex/listings/lstmisc.sty
File: lstmisc.sty 2019/09/10 1.8c (Carsten Heinz)
\c@lstnumber=\count183
\lst@skipnumbers=\count184
\lst@framebox=\box62
) (/usr/share/texlive/texmf-dist/tex/latex/listings/listings.cfg
File: listings.cfg 2019/09/10 1.8c listings configuration
))
Package: listings 2019/09/10 1.8c (Carsten Heinz)
(/usr/share/texlive/texmf-dist/tex/latex/base/bezier.sty) (/usr/share/texlive/texmf-dist/tex/latex/graphics/graphicx.sty
Package: graphicx 2019/11/30 v1.2a Enhanced LaTeX Graphics (DPC,SPQR)
(/usr/share/texlive/texmf-dist/tex/latex/graphics/graphics.sty
Package: graphics 2019/11/30 v1.4a Standard LaTeX Graphics (DPC,SPQR)
(/usr/share/texlive/texmf-dist/tex/latex/graphics/trig.sty
Package: trig 2016/01/03 v1.10 sin cos tan (DPC)
) (/usr/share/texlive/texmf-dist/tex/latex/graphics-cfg/graphics.cfg
File: graphics.cfg 2016/06/04 v1.11 sample graphics configuration
)
Package graphics Info: Driver file: dvipdfmx.def on input line 105.
(/usr/share/texlive/texmf-dist/tex/latex/graphics-def/dvipdfmx.def
File: dvipdfmx.def 2017/06/24 v5.0g Graphics/color driver for dvipdfmx
))
\Gin@req@height=\dimen157
\Gin@req@width=\dimen158
) (./sotsuron.sty
Original Style `sotsuron'. <15 Feb 1993>
\leftheadmargin=\dimen159
\rightheadmargin=\dimen160
\rightheadoutmargin=\dimen161
\c@program@label=\count185
\c@program@list=\count186
) (./misc.sty
\pmboffset=\dimen162
\lineno=\count187
) (/usr/share/texlive/texmf-dist/tex/latex/tools/verbatim.sty
Package: verbatim 2019/11/10 v1.5r LaTeX2e package for verbatim enhancements
\every@verbatim=\toks17
\verbatim@line=\toks18
\verbatim@in@stream=\read2
) (/usr/share/texlive/texmf-dist/tex/latex/ascmac/ascmac.sty
Package: ascmac 2020/01/15 v2.1 ascmac wrapper (community edition) 
(/usr/share/texlive/texmf-dist/tex/latex/ascmac/tascmac.sty
Package: tascmac 2020/01/15 v2.1 ascmac package (community edition) 
\@savetbaselineshift=\dimen163
\@saveybaselineshift=\dimen164
\scb@x=\box63
\scscb@x=\box64
\@bw=\dimen165
\@nbox=\box65
\@nbody=\box66
\@scw=\dimen166
\ascmac@hoboxa=\box67
\ascmac@hoboxb=\box68
\@itemh=\dimen167
\@iboxpos=\toks19
\@iboxstr=\box69
\@bwsp=\box70
\@@bwsp=\box71
\@bcal=\count188
\shaderule=\dimen168
)) (/usr/share/texlive/texmf-dist/tex/latex/amsmath/amsmath.sty
Package: amsmath 2020/01/20 v2.17e AMS math features
\@mathmargin=\skip49
For additional information on amsmath, use the `?' option.
(/usr/share/texlive/texmf-dist/tex/latex/amsmath/amstext.sty
Package: amstext 2000/06/29 v2.01 AMS text
(/usr/share/texlive/texmf-dist/tex/latex/amsmath/amsgen.sty
File: amsgen.sty 1999/11/30 v2.0 generic functions
\@emptytoks=\toks20
\ex@=\dimen169
)) (/usr/share/texlive/texmf-dist/tex/latex/amsmath/amsbsy.sty
Package: amsbsy 1999/11/29 v1.2d Bold Symbols
LaTeX Info: Redefining \pmb on input line 40.
\pmbraise@=\dimen170
) (/usr/share/texlive/texmf-dist/tex/latex/amsmath/amsopn.sty
Package: amsopn 2016/03/08 v2.02 operator names
)
\inf@bad=\count189
LaTeX Info: Redefining \frac on input line 227.
\uproot@=\count190
\leftroot@=\count191
LaTeX Info: Redefining \overline on input line 389.
\classnum@=\count192
\DOTSCASE@=\count193
LaTeX Info: Redefining \ldots on input line 486.
LaTeX Info: Redefining \dots on input line 489.
LaTeX Info: Redefining \cdots on input line 610.
\Mathstrutbox@=\box72
\strutbox@=\box73
\big@size=\dimen171
LaTeX Font Info:    Redeclaring font encoding OML on input line 733.
LaTeX Font Info:    Redeclaring font encoding OMS on input line 734.
\macc@depth=\count194
\c@MaxMatrixCols=\count195
\dotsspace@=\muskip16
\c@parentequation=\count196
\dspbrk@lvl=\count197
\tag@help=\toks21
\row@=\count198
\column@=\count199
\maxfields@=\count266
\andhelp@=\toks22
\eqnshift@=\dimen172
\alignsep@=\dimen173
\tagshift@=\dimen174
\tagwidth@=\dimen175
\totwidth@=\dimen176
\lineht@=\dimen177
\@envbody=\toks23
\multlinegap=\skip50
\multlinetaggap=\skip51
\mathdisplay@stack=\toks24
LaTeX Info: Redefining \[ on input line 2859.
LaTeX Info: Redefining \] on input line 2860.
) (/usr/share/texlive/texmf-dist/tex/latex/cite/cite.sty
LaTeX Info: Redefining \cite on input line 302.
LaTeX Info: Redefining \nocite on input line 332.
Package: cite 2015/02/27  v 5.5
) (/usr/share/texlive/texmf-dist/tex/latex/siunitx/siunitx.sty (/usr/share/texlive/texmf-dist/tex/latex/l3kernel/expl3.sty
Package: expl3 2020-02-14 L3 programming layer (loader) 
(/usr/share/texlive/texmf-dist/tex/latex/l3backend/l3backend-dvips.def
File: l3backend-dvips.def 2020-02-03 L3 backend support: dvips
\l__pdf_internal_box=\box74
\g__pdf_backend_object_int=\count267
\l__pdf_backend_content_box=\box75
\l__pdf_backend_model_box=\box76
\g__pdf_backend_annotation_int=\count268
\g__pdf_backend_link_int=\count269
\g__pdf_backend_link_sf_int=\count270
)) (/usr/share/texlive/texmf-dist/tex/latex/l3packages/xparse/xparse.sty
Package: xparse 2020-02-14 L3 Experimental document command parser
\l__xparse_current_arg_int=\count271
\g__xparse_grabber_int=\count272
\l__xparse_m_args_int=\count273
\l__xparse_v_nesting_int=\count274
)
Package: siunitx 2020/01/15 v2.7u A comprehensive (SI) units package
(/usr/share/texlive/texmf-dist/tex/latex/tools/array.sty
Package: array 2019/08/31 v2.4l Tabular extension package (FMi)
\col@sep=\dimen178
\ar@mcellbox=\box77
\extrarowheight=\dimen179
\NC@list=\toks25
\extratabsurround=\skip52
\backup@length=\skip53
\ar@cellbox=\box78
) (/usr/share/texlive/texmf-dist/tex/latex/l3packages/l3keys2e/l3keys2e.sty
Package: l3keys2e 2020-02-14 LaTeX2e option processing using LaTeX3 keys
)
\l__siunitx_tmp_box=\box79
\l__siunitx_tmp_dim=\dimen180
\l__siunitx_tmp_int=\count275
\l__siunitx_number_mantissa_length_int=\count276
\l__siunitx_number_uncert_length_int=\count277
\l__siunitx_round_int=\count278
\l__siunitx_process_decimal_int=\count279
\l__siunitx_process_uncertainty_int=\count280
\l__siunitx_process_fixed_int=\count281
\l__siunitx_process_integer_min_int=\count282
\l__siunitx_process_precision_int=\count283
\l__siunitx_group_min_int=\count284
\l__siunitx_angle_marker_box=\box80
\l__siunitx_angle_unit_box=\box81
\l__siunitx_angle_marker_dim=\dimen181
\l__siunitx_angle_unit_dim=\dimen182
\l__siunitx_unit_int=\count285
\l__siunitx_unit_denominator_int=\count286
\l__siunitx_unit_numerator_int=\count287
\l__siunitx_unit_prefix_int=\count288
\l__siunitx_unit_prefix_base_int=\count289
\l__siunitx_unit_prefix_gram_int=\count290
\l__siunitx_number_product_int=\count291
\c__siunitx_one_fill_skip=\skip54
\l__siunitx_table_unit_align_skip=\skip55
\l__siunitx_table_exponent_dim=\dimen183
\l__siunitx_table_integer_dim=\dimen184
\l__siunitx_table_mantissa_dim=\dimen185
\l__siunitx_table_marker_dim=\dimen186
\l__siunitx_table_result_dim=\dimen187
\l__siunitx_table_uncert_dim=\dimen188
\l__siunitx_table_fill_pre_dim=\dimen189
\l__siunitx_table_fill_post_dim=\dimen190
\l__siunitx_table_fill_mid_dim=\dimen191
\l__siunitx_table_pre_box=\box82
\l__siunitx_table_post_box=\box83
\l__siunitx_table_mantissa_box=\box84
\l__siunitx_table_result_box=\box85
\l__siunitx_table_number_align_skip=\skip56
\l__siunitx_table_text_align_skip=\skip57
(/usr/share/texlive/texmf-dist/tex/latex/translator/translator.sty
Package: translator 2019-05-31 v1.12a Easy translation of strings in LaTeX
)) (out/main_new.aux (out/sotu/chapter0.aux) (out/sotu/chapter1.aux) (out/sotu/chapter2.aux) (out/sotu/chapter3.aux) (out/sotu/chapter4.aux

LaTeX Warning: Label `sc1' multiply defined.

) (out/sotu/chapter5.aux) (out/sotu/syazi.aux) (out/sotu/refer.aux) (out/sotu/appendix.aux))
\openout1 = `main_new.aux'.

LaTeX Font Info:    Checking defaults for OML/cmm/m/it on input line 18.
LaTeX Font Info:    ... okay on input line 18.
LaTeX Font Info:    Checking defaults for OMS/cmsy/m/n on input line 18.
LaTeX Font Info:    ... okay on input line 18.
LaTeX Font Info:    Checking defaults for OT1/cmr/m/n on input line 18.
LaTeX Font Info:    ... okay on input line 18.
LaTeX Font Info:    Checking defaults for T1/cmr/m/n on input line 18.
LaTeX Font Info:    ... okay on input line 18.
LaTeX Font Info:    Checking defaults for TS1/cmr/m/n on input line 18.
LaTeX Font Info:    ... okay on input line 18.
LaTeX Font Info:    Checking defaults for OMX/cmex/m/n on input line 18.
LaTeX Font Info:    ... okay on input line 18.
LaTeX Font Info:    Checking defaults for U/cmr/m/n on input line 18.
LaTeX Font Info:    ... okay on input line 18.
LaTeX Font Info:    Checking defaults for JY1/mc/m/n on input line 18.
LaTeX Font Info:    ... okay on input line 18.
LaTeX Font Info:    Checking defaults for JT1/mc/m/n on input line 18.
LaTeX Font Info:    ... okay on input line 18.
\c@lstlisting=\count292
(/usr/share/texlive/texmf-dist/tex/latex/translator/translator-basic-dictionary-English.dict
Dictionary: translator-basic-dictionary, Language: English 
) (/usr/share/texlive/texmf-dist/tex/latex/siunitx/siunitx-abbreviations.cfg
File: siunitx-abbreviations.cfg 2017/11/26 v2.7k siunitx: Abbreviated units
) (./sotu/title.tex
LaTeX Font Info:    Font shape `JT1/mc/b/n' in size <24.88> not available
(Font)              Font shape `JT1/mc/bx/n' tried instead on input line 3.
LaTeX Font Info:    Font shape `JT1/mc/bx/n' in size <24.88> not available
(Font)              Font shape `JT1/gt/m/n' tried instead on input line 3.
LaTeX Font Info:    Font shape `JY1/mc/b/n' in size <24.88> not available
(Font)              Font shape `JY1/mc/bx/n' tried instead on input line 3.
LaTeX Font Info:    Font shape `JY1/mc/bx/n' in size <24.88> not available
(Font)              Font shape `JY1/gt/m/n' tried instead on input line 3.
[1

])
\openout2 = `sotu/chapter0.aux'.

(./sotu/chapter0.tex
LaTeX Font Info:    Font shape `JT1/mc/b/n' in size <12> not available
(Font)              Font shape `JT1/mc/bx/n' tried instead on input line 10.
LaTeX Font Info:    Font shape `JT1/mc/bx/n' in size <12> not available
(Font)              Font shape `JT1/gt/m/n' tried instead on input line 10.
LaTeX Font Info:    Font shape `JY1/mc/b/n' in size <12> not available
(Font)              Font shape `JY1/mc/bx/n' tried instead on input line 10.
LaTeX Font Info:    Font shape `JY1/mc/bx/n' in size <12> not available
(Font)              Font shape `JY1/gt/m/n' tried instead on input line 10.

Overfull \hbox (40.43166pt too wide) in paragraph at lines 18--21
[]
 []


Underfull \hbox (badness 10000) in paragraph at lines 18--21

 []

)
LaTeX Font Info:    Font shape `JT1/mc/b/n' in size <14.4> not available
(Font)              Font shape `JT1/mc/bx/n' tried instead on input line 22.
LaTeX Font Info:    Font shape `JT1/mc/bx/n' in size <14.4> not available
(Font)              Font shape `JT1/gt/m/n' tried instead on input line 22.
LaTeX Font Info:    Font shape `JY1/mc/b/n' in size <14.4> not available
(Font)              Font shape `JY1/mc/bx/n' tried instead on input line 22.
LaTeX Font Info:    Font shape `JY1/mc/bx/n' in size <14.4> not available
(Font)              Font shape `JY1/gt/m/n' tried instead on input line 22.
[1


] (out/main_new.toc [2



] [3])
\tf@toc=\write3
\openout3 = `main_new.toc'.

[4]
\openout2 = `sotu/chapter1.aux'.

(./sotu/chapter1.tex [1



]) [2]
\openout2 = `sotu/chapter2.aux'.

(./sotu/chapter2.tex
LaTeX Font Info:    Font shape `JT1/mc/b/n' in size <17.28> not available
(Font)              Font shape `JT1/mc/bx/n' tried instead on input line 5.
LaTeX Font Info:    Font shape `JT1/mc/bx/n' in size <17.28> not available
(Font)              Font shape `JT1/gt/m/n' tried instead on input line 5.
LaTeX Font Info:    Font shape `JY1/mc/b/n' in size <17.28> not available
(Font)              Font shape `JY1/mc/bx/n' tried instead on input line 5.
LaTeX Font Info:    Font shape `JY1/mc/bx/n' in size <17.28> not available
(Font)              Font shape `JY1/gt/m/n' tried instead on input line 5.

Package amsmath Warning: Cannot use `split' here;
(amsmath)                trying to recover with `aligned' on input line 26.

[3



]
Overfull \hbox (33.7424pt too wide) in alignment at lines 29--31
 [] [] [] [] 
 []


Overfull \hbox (22.43437pt too wide) in alignment at lines 33--35
 [] [] [] [] 
 []

File: sotu/figure/2/output.png Graphic file (type bmp)
<sotu/figure/2/output.png>

Overfull \hbox (56.9055pt too wide) in paragraph at lines 141--142
 [] 
 []

[4]
File: sotu/figure/2/original-20220602-corr.png Graphic file (type bmp)
<sotu/figure/2/original-20220602-corr.png>

Overfull \hbox (56.9055pt too wide) in paragraph at lines 159--160
 [] 
 []

[5] [6]
File: sotu/figure/2/pvlib-20220602-corr.png Graphic file (type bmp)
<sotu/figure/2/pvlib-20220602-corr.png>

Overfull \hbox (56.9055pt too wide) in paragraph at lines 197--198
 [] 
 []

[7] [8]) [9]
\openout2 = `sotu/chapter3.aux'.

(./sotu/chapter3.tex [10



]
Overfull \hbox (14.6107pt too wide) in paragraph at lines 45--46
[]\JY1/mc/m/n/12 学内ゾ ーンでは\OT1/cmr/m/n/12 , 133.71.106.168 \JY1/mc/m/n/12 で単一ノ ードの \OT1/cmr/m/n/12 Elas-tic-search \JY1/mc/m/n/12 と\OT1/cmr/m/n/12 , 133.71.106.170,
 []

[11] [12] [13]
LaTeX Font Info:    Trying to load font information for OMS+cmr on input line 85.
(/usr/share/texlive/texmf-dist/tex/latex/base/omscmr.fd
File: omscmr.fd 2019/12/16 v2.5j Standard LaTeX font definitions
)
LaTeX Font Info:    Font shape `OMS/cmr/m/n' in size <12> not available
(Font)              Font shape `OMS/cmsy/m/n' tried instead on input line 85.
[14] [15]
File: sotu/figure/ppm.png Graphic file (type bmp)
<sotu/figure/ppm.png>

Overfull \hbox (56.9055pt too wide) in paragraph at lines 151--152
 [] 
 []

File: sotu/figure/rh.png Graphic file (type bmp)
<sotu/figure/rh.png>

Overfull \hbox (56.9055pt too wide) in paragraph at lines 159--160
 [] 
 []

File: sotu/figure/temp.png Graphic file (type bmp)
<sotu/figure/temp.png>

Overfull \hbox (56.9055pt too wide) in paragraph at lines 167--168
 [] 
 []

[16] [17] [18] [19]) [20]
\openout2 = `sotu/chapter4.aux'.

(./sotu/chapter4.tex [21



]
File: sotu/figure/docker-vmware.png Graphic file (type bmp)
<sotu/figure/docker-vmware.png>

Overfull \hbox (56.9055pt too wide) in paragraph at lines 25--26
 [] 
 []

[22]
File: sotu/figure/elasticsearch-image.png Graphic file (type bmp)
<sotu/figure/elasticsearch-image.png>

Overfull \hbox (56.9055pt too wide) in paragraph at lines 52--53
 [] 
 []

[23] [24]
Overfull \hbox (59.91063pt too wide) in paragraph at lines 70--71
[][][][][][][][][][][][][][][][] 
 []


Overfull \hbox (59.91063pt too wide) in paragraph at lines 82--83
[][][][][][][][][][][][][][][][] 
 []


Overfull \hbox (59.91063pt too wide) in paragraph at lines 92--93
[][][][][][][][][][][][][][][][] 
 []

[25]
File: sotu/figure/all-7.19.9.png Graphic file (type bmp)
<sotu/figure/all-7.19.9.png>

Overfull \hbox (56.9055pt too wide) in paragraph at lines 111--112
 [] 
 []

[26]
File: sotu/figure/curl-same.png Graphic file (type bmp)
<sotu/figure/curl-same.png>

Overfull \hbox (56.9055pt too wide) in paragraph at lines 148--149
 [] 
 []

[27]
File: sotu/figure/2-7.19.9-and-1-7.17.6.png Graphic file (type bmp)
<sotu/figure/2-7.19.9-and-1-7.17.6.png>

Overfull \hbox (56.9055pt too wide) in paragraph at lines 164--165
 [] 
 []

File: sotu/figure/curl-different.png Graphic file (type bmp)
<sotu/figure/curl-different.png>

Overfull \hbox (56.9055pt too wide) in paragraph at lines 176--177
 [] 
 []

File: sotu/figure/log.png Graphic file (type bmp)
<sotu/figure/log.png>

Overfull \hbox (56.9055pt too wide) in paragraph at lines 188--189
 [] 
 []

[28] [29]
File: sotu/figure/1-7.17.9.png Graphic file (type bmp)
<sotu/figure/1-7.17.9.png>

Overfull \hbox (56.9055pt too wide) in paragraph at lines 207--208
 [] 
 []


LaTeX Warning: Float too large for page by 32.39725pt on input line 211.

File: sotu/figure/es04-cluster.png Graphic file (type bmp)
<sotu/figure/es04-cluster.png>

Overfull \hbox (56.9055pt too wide) in paragraph at lines 217--218
 [] 
 []

File: sotu/figure/all-7.19.9.png Graphic file (type bmp)
<sotu/figure/all-7.19.9.png>

Overfull \hbox (56.9055pt too wide) in paragraph at lines 233--234
 [] 
 []

[30] [31] [32]
File: sotu/figure/3nodes-cluster.png Graphic file (type bmp)
<sotu/figure/3nodes-cluster.png>

Overfull \hbox (56.9055pt too wide) in paragraph at lines 243--244
 [] 
 []

File: sotu/figure/3nodes-list.png Graphic file (type bmp)
<sotu/figure/3nodes-list.png>

Overfull \hbox (56.9055pt too wide) in paragraph at lines 255--256
 [] 
 []

[33]
File: sotu/figure/4-7.17.9.png Graphic file (type bmp)
<sotu/figure/4-7.17.9.png>

Overfull \hbox (56.9055pt too wide) in paragraph at lines 273--274
 [] 
 []

File: sotu/figure/4nodes-list.png Graphic file (type bmp)
<sotu/figure/4nodes-list.png>

Overfull \hbox (56.9055pt too wide) in paragraph at lines 283--284
 [] 
 []

File: sotu/figure/es04-log.png Graphic file (type bmp)
<sotu/figure/es04-log.png>

Overfull \hbox (56.9055pt too wide) in paragraph at lines 295--296
 [] 
 []

[34] [35] [36]
File: sotu/figure/apt-grep.png Graphic file (type bmp)
<sotu/figure/apt-grep.png>

Overfull \hbox (56.9055pt too wide) in paragraph at lines 328--329
 [] 
 []

File: sotu/figure/apt-list.png Graphic file (type bmp)
<sotu/figure/apt-list.png>

Overfull \hbox (56.9055pt too wide) in paragraph at lines 338--339
 [] 
 []

File: sotu/figure/version-check.png Graphic file (type bmp)
<sotu/figure/version-check.png>

Overfull \hbox (56.9055pt too wide) in paragraph at lines 356--357
 [] 
 []

[37] [38]

LaTeX Warning: Reference `p4' on page 39 undefined on input line 370.

File: sotu/figure/downtime.png Graphic file (type bmp)
<sotu/figure/downtime.png>

Overfull \hbox (56.9055pt too wide) in paragraph at lines 374--375
 [] 
 []

[39]) [40]
\openout2 = `sotu/chapter5.aux'.

(./sotu/chapter5.tex) [41



]
\openout2 = `sotu/syazi.aux'.

(./sotu/syazi.tex) [42



]
\openout2 = `sotu/refer.aux'.

(./sotu/refer.tex
Underfull \hbox (badness 10000) in paragraph at lines 4--5
[] \JY1/mc/m/n/12 ” \OT1/cmr/m/n/12 In-stall Elas-tic-search with Docker |
 []


Underfull \hbox (badness 10000) in paragraph at lines 4--5
\OT1/cmr/m/n/12 Elas-tic-search Guide [7.17] | Elas-tic \JY1/mc/m/n/12 ” \OT1/cmr/m/n/12 ,
 []


Overfull \hbox (10.55717pt too wide) in paragraph at lines 4--5
\OT1/cmr/m/n/12 https://www.elastic.co/guide/en/elasticsearch/reference/7.17/docker.html,
 []

) [43



]
\openout2 = `sotu/appendix.aux'.

(./sotu/appendix.tex (/usr/share/texlive/texmf-dist/tex/latex/listings/lstlang1.sty
File: lstlang1.sty 2019/09/10 1.8c listings language file
)

LaTeX Font Warning: Font shape `JT1/mc/m/it' undefined
(Font)              using `JT1/mc/m/n' instead on input line 71.


LaTeX Font Warning: Font shape `JY1/mc/m/it' undefined
(Font)              using `JY1/mc/m/n' instead on input line 71.

LaTeX Font Info:    Font shape `JT1/mc/b/n' in size <10> not available
(Font)              Font shape `JT1/mc/bx/n' tried instead on input line 73.
LaTeX Font Info:    Font shape `JT1/mc/bx/n' in size <10> not available
(Font)              Font shape `JT1/gt/m/n' tried instead on input line 73.
LaTeX Font Info:    Font shape `JY1/mc/b/n' in size <10> not available
(Font)              Font shape `JY1/mc/bx/n' tried instead on input line 73.
LaTeX Font Info:    Font shape `JY1/mc/bx/n' in size <10> not available
(Font)              Font shape `JY1/gt/m/n' tried instead on input line 73.
LaTeX Font Info:    Font shape `OT1/cmtt/bx/n' in size <10> not available
(Font)              Font shape `OT1/cmtt/m/n' tried instead on input line 73.
[44



]
LaTeX Font Info:    Trying to load font information for TS1+cmtt on input line 96.
(/usr/share/texlive/texmf-dist/tex/latex/base/ts1cmtt.fd
File: ts1cmtt.fd 2019/12/16 v2.5j Standard LaTeX font definitions
) [45] [46] [47] [48]) [49] (out/main_new.aux (out/sotu/chapter0.aux) (out/sotu/chapter1.aux) (out/sotu/chapter2.aux) (out/sotu/chapter3.aux) (out/sotu/chapter4.aux) (out/sotu/chapter5.aux) (out/sotu/syazi.aux) (out/sotu/refer.aux) (out/sotu/appendix.aux))

LaTeX Font Warning: Some font shapes were not available, defaults substituted.


LaTeX Warning: There were undefined references.


LaTeX Warning: There were multiply-defined labels.

 ) 
Here is how much of TeX's memory you used:
 6704 strings out of 481768
 132284 string characters out of 5933620
 644662 words of memory out of 5000000
 21971 multiletter control sequences out of 15000+600000
 554691 words of font info for 113 fonts, out of 8000000 for 9000
 929 hyphenation exceptions out of 8191
 37i,14n,44p,734b,2041s stack positions out of 5000i,500n,10000p,200000b,80000s

Output written on out/main_new.dvi (54 pages, 123928 bytes).
